<?xml version="1.0" encoding="UTF-8"?>
<!-- Generated by org.testng.reporters.JUnitReportReporter -->
<testsuite skipped="0" hostname="XE-GGN-IT-01362" name="TestScript.ReadProperty" tests="1" failures="0" timestamp="2021-07-05T16:31:48 IST" time="53.174" errors="0">
  <testcase name="readFromProperty" time="53.174" classname="TestScript.ReadProperty"/>
  <system-out/>
</testsuite> <!-- TestScript.ReadProperty -->
