<?xml version="1.0" encoding="UTF-8"?>
<!-- Generated by org.testng.reporters.JUnitReportReporter -->
<testsuite skipped="0" hostname="XE-GGN-IT-01362" name="TestScript.DropDownTest" tests="1" failures="0" timestamp="2021-07-02T13:55:04 IST" time="54.398" errors="0">
  <testcase name="dropdnCheck" time="54.398" classname="TestScript.DropDownTest"/>
  <system-out/>
</testsuite> <!-- TestScript.DropDownTest -->
