<?xml version="1.0" encoding="UTF-8"?>
<!-- Generated by org.testng.reporters.JUnitReportReporter -->
<testsuite skipped="0" hostname="XE-GGN-IT-01362" name="TestScript.DropDownAndActionTest" tests="1" failures="0" timestamp="2021-07-02T16:33:43 IST" time="7.097" errors="0">
  <testcase name="collectionTest" time="7.097" classname="TestScript.DropDownAndActionTest"/>
  <system-out/>
</testsuite> <!-- TestScript.DropDownAndActionTest -->
