<?xml version="1.0" encoding="UTF-8"?>
<!-- Generated by org.testng.reporters.JUnitReportReporter -->
<testsuite skipped="0" hostname="XE-GGN-IT-01362" name="TestScript.PracticeTest" tests="1" failures="0" timestamp="2021-07-07T12:21:56 IST" time="0.015" errors="0">
  <testcase name="listToArray" time="0.015" classname="TestScript.PracticeTest"/>
  <system-out/>
</testsuite> <!-- TestScript.PracticeTest -->
