<?xml version="1.0" encoding="UTF-8"?>
<!-- Generated by org.testng.reporters.JUnitReportReporter -->
<testsuite skipped="0" hostname="XE-GGN-IT-01362" name="TestScript.ScriptOne" tests="1" failures="0" timestamp="2021-07-02T11:11:28 IST" time="20.399" errors="0">
  <testcase name="runScript" time="20.399" classname="TestScript.ScriptOne"/>
  <system-out>
    <![CDATA[runScript is passed]]>
  </system-out>
</testsuite> <!-- TestScript.ScriptOne -->
